2026-05-02 19:19:53,178 - sqlalchemy.engine.Engine - INFO - select pg_catalog.version()
2026-05-02 19:19:53,179 - sqlalchemy.engine.Engine - INFO - [raw sql] ()
2026-05-02 19:19:53,778 - sqlalchemy.engine.Engine - INFO - select current_schema()
2026-05-02 19:19:53,779 - sqlalchemy.engine.Engine - INFO - [raw sql] ()
2026-05-02 19:19:54,572 - sqlalchemy.engine.Engine - INFO - show standard_conforming_strings
2026-05-02 19:19:54,572 - sqlalchemy.engine.Engine - INFO - [raw sql] ()
2026-05-02 19:19:55,170 - sqlalchemy.engine.Engine - INFO - BEGIN (implicit)
2026-05-02 19:19:55,173 - sqlalchemy.engine.Engine - INFO - SELECT pg_catalog.pg_class.relname 
FROM pg_catalog.pg_class JOIN pg_catalog.pg_namespace ON pg_catalog.pg_namespace.oid = pg_catalog.pg_class.relnamespace 
WHERE pg_catalog.pg_class.relname = $1::VARCHAR AND pg_catalog.pg_class.relkind = ANY (ARRAY[$2::VARCHAR, $3::VARCHAR, $4::VARCHAR, $5::VARCHAR, $6::VARCHAR]) AND pg_catalog.pg_table_is_visible(pg_catalog.pg_class.oid) AND pg_catalog.pg_namespace.nspname != $7::VARCHAR
2026-05-02 19:19:55,176 - sqlalchemy.engine.Engine - INFO - [generated in 0.00100s] ('users', 'r', 'p', 'f', 'v', 'm', 'pg_catalog')
2026-05-02 19:19:55,773 - sqlalchemy.engine.Engine - INFO - SELECT pg_catalog.pg_class.relname 
FROM pg_catalog.pg_class JOIN pg_catalog.pg_namespace ON pg_catalog.pg_namespace.oid = pg_catalog.pg_class.relnamespace 
WHERE pg_catalog.pg_class.relname = $1::VARCHAR AND pg_catalog.pg_class.relkind = ANY (ARRAY[$2::VARCHAR, $3::VARCHAR, $4::VARCHAR, $5::VARCHAR, $6::VARCHAR]) AND pg_catalog.pg_table_is_visible(pg_catalog.pg_class.oid) AND pg_catalog.pg_namespace.nspname != $7::VARCHAR
2026-05-02 19:19:55,773 - sqlalchemy.engine.Engine - INFO - [cached since 0.5981s ago] ('subscription_plans', 'r', 'p', 'f', 'v', 'm', 'pg_catalog')
2026-05-02 19:19:56,169 - sqlalchemy.engine.Engine - INFO - SELECT pg_catalog.pg_class.relname 
FROM pg_catalog.pg_class JOIN pg_catalog.pg_namespace ON pg_catalog.pg_namespace.oid = pg_catalog.pg_class.relnamespace 
WHERE pg_catalog.pg_class.relname = $1::VARCHAR AND pg_catalog.pg_class.relkind = ANY (ARRAY[$2::VARCHAR, $3::VARCHAR, $4::VARCHAR, $5::VARCHAR, $6::VARCHAR]) AND pg_catalog.pg_table_is_visible(pg_catalog.pg_class.oid) AND pg_catalog.pg_namespace.nspname != $7::VARCHAR
2026-05-02 19:19:56,169 - sqlalchemy.engine.Engine - INFO - [cached since 0.9961s ago] ('user_subscriptions', 'r', 'p', 'f', 'v', 'm', 'pg_catalog')
2026-05-02 19:19:56,568 - sqlalchemy.engine.Engine - INFO - SELECT pg_catalog.pg_class.relname 
FROM pg_catalog.pg_class JOIN pg_catalog.pg_namespace ON pg_catalog.pg_namespace.oid = pg_catalog.pg_class.relnamespace 
WHERE pg_catalog.pg_class.relname = $1::VARCHAR AND pg_catalog.pg_class.relkind = ANY (ARRAY[$2::VARCHAR, $3::VARCHAR, $4::VARCHAR, $5::VARCHAR, $6::VARCHAR]) AND pg_catalog.pg_table_is_visible(pg_catalog.pg_class.oid) AND pg_catalog.pg_namespace.nspname != $7::VARCHAR
2026-05-02 19:19:56,568 - sqlalchemy.engine.Engine - INFO - [cached since 1.395s ago] ('workspaces', 'r', 'p', 'f', 'v', 'm', 'pg_catalog')
2026-05-02 19:19:56,969 - sqlalchemy.engine.Engine - INFO - SELECT pg_catalog.pg_class.relname 
FROM pg_catalog.pg_class JOIN pg_catalog.pg_namespace ON pg_catalog.pg_namespace.oid = pg_catalog.pg_class.relnamespace 
WHERE pg_catalog.pg_class.relname = $1::VARCHAR AND pg_catalog.pg_class.relkind = ANY (ARRAY[$2::VARCHAR, $3::VARCHAR, $4::VARCHAR, $5::VARCHAR, $6::VARCHAR]) AND pg_catalog.pg_table_is_visible(pg_catalog.pg_class.oid) AND pg_catalog.pg_namespace.nspname != $7::VARCHAR
2026-05-02 19:19:56,969 - sqlalchemy.engine.Engine - INFO - [cached since 1.794s ago] ('workspace_members', 'r', 'p', 'f', 'v', 'm', 'pg_catalog')
2026-05-02 19:19:57,361 - sqlalchemy.engine.Engine - INFO - SELECT pg_catalog.pg_class.relname 
FROM pg_catalog.pg_class JOIN pg_catalog.pg_namespace ON pg_catalog.pg_namespace.oid = pg_catalog.pg_class.relnamespace 
WHERE pg_catalog.pg_class.relname = $1::VARCHAR AND pg_catalog.pg_class.relkind = ANY (ARRAY[$2::VARCHAR, $3::VARCHAR, $4::VARCHAR, $5::VARCHAR, $6::VARCHAR]) AND pg_catalog.pg_table_is_visible(pg_catalog.pg_class.oid) AND pg_catalog.pg_namespace.nspname != $7::VARCHAR
2026-05-02 19:19:57,361 - sqlalchemy.engine.Engine - INFO - [cached since 2.193s ago] ('collections', 'r', 'p', 'f', 'v', 'm', 'pg_catalog')
2026-05-02 19:19:57,761 - sqlalchemy.engine.Engine - INFO - SELECT pg_catalog.pg_class.relname 
FROM pg_catalog.pg_class JOIN pg_catalog.pg_namespace ON pg_catalog.pg_namespace.oid = pg_catalog.pg_class.relnamespace 
WHERE pg_catalog.pg_class.relname = $1::VARCHAR AND pg_catalog.pg_class.relkind = ANY (ARRAY[$2::VARCHAR, $3::VARCHAR, $4::VARCHAR, $5::VARCHAR, $6::VARCHAR]) AND pg_catalog.pg_table_is_visible(pg_catalog.pg_class.oid) AND pg_catalog.pg_namespace.nspname != $7::VARCHAR
2026-05-02 19:19:57,761 - sqlalchemy.engine.Engine - INFO - [cached since 2.591s ago] ('documents', 'r', 'p', 'f', 'v', 'm', 'pg_catalog')
2026-05-02 19:19:58,163 - sqlalchemy.engine.Engine - INFO - SELECT pg_catalog.pg_class.relname 
FROM pg_catalog.pg_class JOIN pg_catalog.pg_namespace ON pg_catalog.pg_namespace.oid = pg_catalog.pg_class.relnamespace 
WHERE pg_catalog.pg_class.relname = $1::VARCHAR AND pg_catalog.pg_class.relkind = ANY (ARRAY[$2::VARCHAR, $3::VARCHAR, $4::VARCHAR, $5::VARCHAR, $6::VARCHAR]) AND pg_catalog.pg_table_is_visible(pg_catalog.pg_class.oid) AND pg_catalog.pg_namespace.nspname != $7::VARCHAR
2026-05-02 19:19:58,163 - sqlalchemy.engine.Engine - INFO - [cached since 2.989s ago] ('chat_sessions', 'r', 'p', 'f', 'v', 'm', 'pg_catalog')
2026-05-02 19:19:58,561 - sqlalchemy.engine.Engine - INFO - SELECT pg_catalog.pg_class.relname 
FROM pg_catalog.pg_class JOIN pg_catalog.pg_namespace ON pg_catalog.pg_namespace.oid = pg_catalog.pg_class.relnamespace 
WHERE pg_catalog.pg_class.relname = $1::VARCHAR AND pg_catalog.pg_class.relkind = ANY (ARRAY[$2::VARCHAR, $3::VARCHAR, $4::VARCHAR, $5::VARCHAR, $6::VARCHAR]) AND pg_catalog.pg_table_is_visible(pg_catalog.pg_class.oid) AND pg_catalog.pg_namespace.nspname != $7::VARCHAR
2026-05-02 19:19:58,561 - sqlalchemy.engine.Engine - INFO - [cached since 3.392s ago] ('chat_messages', 'r', 'p', 'f', 'v', 'm', 'pg_catalog')
2026-05-02 19:19:58,968 - sqlalchemy.engine.Engine - INFO - SELECT pg_catalog.pg_class.relname 
FROM pg_catalog.pg_class JOIN pg_catalog.pg_namespace ON pg_catalog.pg_namespace.oid = pg_catalog.pg_class.relnamespace 
WHERE pg_catalog.pg_class.relname = $1::VARCHAR AND pg_catalog.pg_class.relkind = ANY (ARRAY[$2::VARCHAR, $3::VARCHAR, $4::VARCHAR, $5::VARCHAR, $6::VARCHAR]) AND pg_catalog.pg_table_is_visible(pg_catalog.pg_class.oid) AND pg_catalog.pg_namespace.nspname != $7::VARCHAR
2026-05-02 19:19:58,969 - sqlalchemy.engine.Engine - INFO - [cached since 3.794s ago] ('source_highlights', 'r', 'p', 'f', 'v', 'm', 'pg_catalog')
2026-05-02 19:19:59,364 - sqlalchemy.engine.Engine - INFO - SELECT pg_catalog.pg_class.relname 
FROM pg_catalog.pg_class JOIN pg_catalog.pg_namespace ON pg_catalog.pg_namespace.oid = pg_catalog.pg_class.relnamespace 
WHERE pg_catalog.pg_class.relname = $1::VARCHAR AND pg_catalog.pg_class.relkind = ANY (ARRAY[$2::VARCHAR, $3::VARCHAR, $4::VARCHAR, $5::VARCHAR, $6::VARCHAR]) AND pg_catalog.pg_table_is_visible(pg_catalog.pg_class.oid) AND pg_catalog.pg_namespace.nspname != $7::VARCHAR
2026-05-02 19:19:59,366 - sqlalchemy.engine.Engine - INFO - [cached since 4.191s ago] ('annotations', 'r', 'p', 'f', 'v', 'm', 'pg_catalog')
2026-05-02 19:19:59,763 - sqlalchemy.engine.Engine - INFO - SELECT pg_catalog.pg_class.relname 
FROM pg_catalog.pg_class JOIN pg_catalog.pg_namespace ON pg_catalog.pg_namespace.oid = pg_catalog.pg_class.relnamespace 
WHERE pg_catalog.pg_class.relname = $1::VARCHAR AND pg_catalog.pg_class.relkind = ANY (ARRAY[$2::VARCHAR, $3::VARCHAR, $4::VARCHAR, $5::VARCHAR, $6::VARCHAR]) AND pg_catalog.pg_table_is_visible(pg_catalog.pg_class.oid) AND pg_catalog.pg_namespace.nspname != $7::VARCHAR
2026-05-02 19:19:59,763 - sqlalchemy.engine.Engine - INFO - [cached since 4.589s ago] ('citations', 'r', 'p', 'f', 'v', 'm', 'pg_catalog')
2026-05-02 19:20:00,160 - sqlalchemy.engine.Engine - INFO - COMMIT
2026-05-02 19:20:20,419 - sqlalchemy.engine.Engine - INFO - select pg_catalog.version()
2026-05-02 19:20:20,419 - sqlalchemy.engine.Engine - INFO - [raw sql] ()
2026-05-02 19:20:20,959 - sqlalchemy.engine.Engine - INFO - select current_schema()
2026-05-02 19:20:20,961 - sqlalchemy.engine.Engine - INFO - [raw sql] ()
2026-05-02 19:20:21,681 - sqlalchemy.engine.Engine - INFO - show standard_conforming_strings
2026-05-02 19:20:21,681 - sqlalchemy.engine.Engine - INFO - [raw sql] ()
2026-05-02 19:20:22,223 - sqlalchemy.engine.Engine - INFO - BEGIN (implicit)
2026-05-02 19:20:22,227 - sqlalchemy.engine.Engine - INFO - SELECT pg_catalog.pg_class.relname 
FROM pg_catalog.pg_class JOIN pg_catalog.pg_namespace ON pg_catalog.pg_namespace.oid = pg_catalog.pg_class.relnamespace 
WHERE pg_catalog.pg_class.relname = $1::VARCHAR AND pg_catalog.pg_class.relkind = ANY (ARRAY[$2::VARCHAR, $3::VARCHAR, $4::VARCHAR, $5::VARCHAR, $6::VARCHAR]) AND pg_catalog.pg_table_is_visible(pg_catalog.pg_class.oid) AND pg_catalog.pg_namespace.nspname != $7::VARCHAR
2026-05-02 19:20:22,227 - sqlalchemy.engine.Engine - INFO - [generated in 0.00056s] ('users', 'r', 'p', 'f', 'v', 'm', 'pg_catalog')
2026-05-02 19:20:22,770 - sqlalchemy.engine.Engine - INFO - SELECT pg_catalog.pg_class.relname 
FROM pg_catalog.pg_class JOIN pg_catalog.pg_namespace ON pg_catalog.pg_namespace.oid = pg_catalog.pg_class.relnamespace 
WHERE pg_catalog.pg_class.relname = $1::VARCHAR AND pg_catalog.pg_class.relkind = ANY (ARRAY[$2::VARCHAR, $3::VARCHAR, $4::VARCHAR, $5::VARCHAR, $6::VARCHAR]) AND pg_catalog.pg_table_is_visible(pg_catalog.pg_class.oid) AND pg_catalog.pg_namespace.nspname != $7::VARCHAR
2026-05-02 19:20:22,771 - sqlalchemy.engine.Engine - INFO - [cached since 0.5435s ago] ('subscription_plans', 'r', 'p', 'f', 'v', 'm', 'pg_catalog')
2026-05-02 19:20:23,133 - sqlalchemy.engine.Engine - INFO - SELECT pg_catalog.pg_class.relname 
FROM pg_catalog.pg_class JOIN pg_catalog.pg_namespace ON pg_catalog.pg_namespace.oid = pg_catalog.pg_class.relnamespace 
WHERE pg_catalog.pg_class.relname = $1::VARCHAR AND pg_catalog.pg_class.relkind = ANY (ARRAY[$2::VARCHAR, $3::VARCHAR, $4::VARCHAR, $5::VARCHAR, $6::VARCHAR]) AND pg_catalog.pg_table_is_visible(pg_catalog.pg_class.oid) AND pg_catalog.pg_namespace.nspname != $7::VARCHAR
2026-05-02 19:20:23,134 - sqlalchemy.engine.Engine - INFO - [cached since 0.9061s ago] ('user_subscriptions', 'r', 'p', 'f', 'v', 'm', 'pg_catalog')
2026-05-02 19:20:23,497 - sqlalchemy.engine.Engine - INFO - SELECT pg_catalog.pg_class.relname 
FROM pg_catalog.pg_class JOIN pg_catalog.pg_namespace ON pg_catalog.pg_namespace.oid = pg_catalog.pg_class.relnamespace 
WHERE pg_catalog.pg_class.relname = $1::VARCHAR AND pg_catalog.pg_class.relkind = ANY (ARRAY[$2::VARCHAR, $3::VARCHAR, $4::VARCHAR, $5::VARCHAR, $6::VARCHAR]) AND pg_catalog.pg_table_is_visible(pg_catalog.pg_class.oid) AND pg_catalog.pg_namespace.nspname != $7::VARCHAR
2026-05-02 19:20:23,498 - sqlalchemy.engine.Engine - INFO - [cached since 1.27s ago] ('workspaces', 'r', 'p', 'f', 'v', 'm', 'pg_catalog')
2026-05-02 19:20:23,863 - sqlalchemy.engine.Engine - INFO - SELECT pg_catalog.pg_class.relname 
FROM pg_catalog.pg_class JOIN pg_catalog.pg_namespace ON pg_catalog.pg_namespace.oid = pg_catalog.pg_class.relnamespace 
WHERE pg_catalog.pg_class.relname = $1::VARCHAR AND pg_catalog.pg_class.relkind = ANY (ARRAY[$2::VARCHAR, $3::VARCHAR, $4::VARCHAR, $5::VARCHAR, $6::VARCHAR]) AND pg_catalog.pg_table_is_visible(pg_catalog.pg_class.oid) AND pg_catalog.pg_namespace.nspname != $7::VARCHAR
2026-05-02 19:20:23,864 - sqlalchemy.engine.Engine - INFO - [cached since 1.636s ago] ('workspace_members', 'r', 'p', 'f', 'v', 'm', 'pg_catalog')
2026-05-02 19:20:24,225 - sqlalchemy.engine.Engine - INFO - SELECT pg_catalog.pg_class.relname 
FROM pg_catalog.pg_class JOIN pg_catalog.pg_namespace ON pg_catalog.pg_namespace.oid = pg_catalog.pg_class.relnamespace 
WHERE pg_catalog.pg_class.relname = $1::VARCHAR AND pg_catalog.pg_class.relkind = ANY (ARRAY[$2::VARCHAR, $3::VARCHAR, $4::VARCHAR, $5::VARCHAR, $6::VARCHAR]) AND pg_catalog.pg_table_is_visible(pg_catalog.pg_class.oid) AND pg_catalog.pg_namespace.nspname != $7::VARCHAR
2026-05-02 19:20:24,226 - sqlalchemy.engine.Engine - INFO - [cached since 1.998s ago] ('collections', 'r', 'p', 'f', 'v', 'm', 'pg_catalog')
2026-05-02 19:20:24,587 - sqlalchemy.engine.Engine - INFO - SELECT pg_catalog.pg_class.relname 
FROM pg_catalog.pg_class JOIN pg_catalog.pg_namespace ON pg_catalog.pg_namespace.oid = pg_catalog.pg_class.relnamespace 
WHERE pg_catalog.pg_class.relname = $1::VARCHAR AND pg_catalog.pg_class.relkind = ANY (ARRAY[$2::VARCHAR, $3::VARCHAR, $4::VARCHAR, $5::VARCHAR, $6::VARCHAR]) AND pg_catalog.pg_table_is_visible(pg_catalog.pg_class.oid) AND pg_catalog.pg_namespace.nspname != $7::VARCHAR
2026-05-02 19:20:24,587 - sqlalchemy.engine.Engine - INFO - [cached since 2.36s ago] ('documents', 'r', 'p', 'f', 'v', 'm', 'pg_catalog')
2026-05-02 19:20:24,949 - sqlalchemy.engine.Engine - INFO - SELECT pg_catalog.pg_class.relname 
FROM pg_catalog.pg_class JOIN pg_catalog.pg_namespace ON pg_catalog.pg_namespace.oid = pg_catalog.pg_class.relnamespace 
WHERE pg_catalog.pg_class.relname = $1::VARCHAR AND pg_catalog.pg_class.relkind = ANY (ARRAY[$2::VARCHAR, $3::VARCHAR, $4::VARCHAR, $5::VARCHAR, $6::VARCHAR]) AND pg_catalog.pg_table_is_visible(pg_catalog.pg_class.oid) AND pg_catalog.pg_namespace.nspname != $7::VARCHAR
2026-05-02 19:20:24,949 - sqlalchemy.engine.Engine - INFO - [cached since 2.722s ago] ('chat_sessions', 'r', 'p', 'f', 'v', 'm', 'pg_catalog')
2026-05-02 19:20:25,310 - sqlalchemy.engine.Engine - INFO - SELECT pg_catalog.pg_class.relname 
FROM pg_catalog.pg_class JOIN pg_catalog.pg_namespace ON pg_catalog.pg_namespace.oid = pg_catalog.pg_class.relnamespace 
WHERE pg_catalog.pg_class.relname = $1::VARCHAR AND pg_catalog.pg_class.relkind = ANY (ARRAY[$2::VARCHAR, $3::VARCHAR, $4::VARCHAR, $5::VARCHAR, $6::VARCHAR]) AND pg_catalog.pg_table_is_visible(pg_catalog.pg_class.oid) AND pg_catalog.pg_namespace.nspname != $7::VARCHAR
2026-05-02 19:20:25,310 - sqlalchemy.engine.Engine - INFO - [cached since 3.083s ago] ('chat_messages', 'r', 'p', 'f', 'v', 'm', 'pg_catalog')
2026-05-02 19:20:25,672 - sqlalchemy.engine.Engine - INFO - SELECT pg_catalog.pg_class.relname 
FROM pg_catalog.pg_class JOIN pg_catalog.pg_namespace ON pg_catalog.pg_namespace.oid = pg_catalog.pg_class.relnamespace 
WHERE pg_catalog.pg_class.relname = $1::VARCHAR AND pg_catalog.pg_class.relkind = ANY (ARRAY[$2::VARCHAR, $3::VARCHAR, $4::VARCHAR, $5::VARCHAR, $6::VARCHAR]) AND pg_catalog.pg_table_is_visible(pg_catalog.pg_class.oid) AND pg_catalog.pg_namespace.nspname != $7::VARCHAR
2026-05-02 19:20:25,672 - sqlalchemy.engine.Engine - INFO - [cached since 3.445s ago] ('source_highlights', 'r', 'p', 'f', 'v', 'm', 'pg_catalog')
2026-05-02 19:20:26,033 - sqlalchemy.engine.Engine - INFO - SELECT pg_catalog.pg_class.relname 
FROM pg_catalog.pg_class JOIN pg_catalog.pg_namespace ON pg_catalog.pg_namespace.oid = pg_catalog.pg_class.relnamespace 
WHERE pg_catalog.pg_class.relname = $1::VARCHAR AND pg_catalog.pg_class.relkind = ANY (ARRAY[$2::VARCHAR, $3::VARCHAR, $4::VARCHAR, $5::VARCHAR, $6::VARCHAR]) AND pg_catalog.pg_table_is_visible(pg_catalog.pg_class.oid) AND pg_catalog.pg_namespace.nspname != $7::VARCHAR
2026-05-02 19:20:26,033 - sqlalchemy.engine.Engine - INFO - [cached since 3.806s ago] ('annotations', 'r', 'p', 'f', 'v', 'm', 'pg_catalog')
2026-05-02 19:20:26,394 - sqlalchemy.engine.Engine - INFO - SELECT pg_catalog.pg_class.relname 
FROM pg_catalog.pg_class JOIN pg_catalog.pg_namespace ON pg_catalog.pg_namespace.oid = pg_catalog.pg_class.relnamespace 
WHERE pg_catalog.pg_class.relname = $1::VARCHAR AND pg_catalog.pg_class.relkind = ANY (ARRAY[$2::VARCHAR, $3::VARCHAR, $4::VARCHAR, $5::VARCHAR, $6::VARCHAR]) AND pg_catalog.pg_table_is_visible(pg_catalog.pg_class.oid) AND pg_catalog.pg_namespace.nspname != $7::VARCHAR
2026-05-02 19:20:26,394 - sqlalchemy.engine.Engine - INFO - [cached since 4.168s ago] ('citations', 'r', 'p', 'f', 'v', 'm', 'pg_catalog')
2026-05-02 19:20:26,756 - sqlalchemy.engine.Engine - INFO - COMMIT
2026-05-02 19:21:50,029 - sqlalchemy.engine.Engine - INFO - select pg_catalog.version()
2026-05-02 19:21:50,030 - sqlalchemy.engine.Engine - INFO - [raw sql] ()
2026-05-02 19:21:50,628 - sqlalchemy.engine.Engine - INFO - select current_schema()
2026-05-02 19:21:50,628 - sqlalchemy.engine.Engine - INFO - [raw sql] ()
2026-05-02 19:21:51,426 - sqlalchemy.engine.Engine - INFO - show standard_conforming_strings
2026-05-02 19:21:51,426 - sqlalchemy.engine.Engine - INFO - [raw sql] ()
2026-05-02 19:21:52,023 - sqlalchemy.engine.Engine - INFO - BEGIN (implicit)
2026-05-02 19:21:52,028 - sqlalchemy.engine.Engine - INFO - SELECT pg_catalog.pg_class.relname 
FROM pg_catalog.pg_class JOIN pg_catalog.pg_namespace ON pg_catalog.pg_namespace.oid = pg_catalog.pg_class.relnamespace 
WHERE pg_catalog.pg_class.relname = $1::VARCHAR AND pg_catalog.pg_class.relkind = ANY (ARRAY[$2::VARCHAR, $3::VARCHAR, $4::VARCHAR, $5::VARCHAR, $6::VARCHAR]) AND pg_catalog.pg_table_is_visible(pg_catalog.pg_class.oid) AND pg_catalog.pg_namespace.nspname != $7::VARCHAR
2026-05-02 19:21:52,028 - sqlalchemy.engine.Engine - INFO - [generated in 0.00052s] ('users', 'r', 'p', 'f', 'v', 'm', 'pg_catalog')
2026-05-02 19:21:52,626 - sqlalchemy.engine.Engine - INFO - SELECT pg_catalog.pg_class.relname 
FROM pg_catalog.pg_class JOIN pg_catalog.pg_namespace ON pg_catalog.pg_namespace.oid = pg_catalog.pg_class.relnamespace 
WHERE pg_catalog.pg_class.relname = $1::VARCHAR AND pg_catalog.pg_class.relkind = ANY (ARRAY[$2::VARCHAR, $3::VARCHAR, $4::VARCHAR, $5::VARCHAR, $6::VARCHAR]) AND pg_catalog.pg_table_is_visible(pg_catalog.pg_class.oid) AND pg_catalog.pg_namespace.nspname != $7::VARCHAR
2026-05-02 19:21:52,626 - sqlalchemy.engine.Engine - INFO - [cached since 0.5995s ago] ('subscription_plans', 'r', 'p', 'f', 'v', 'm', 'pg_catalog')
2026-05-02 19:21:53,026 - sqlalchemy.engine.Engine - INFO - SELECT pg_catalog.pg_class.relname 
FROM pg_catalog.pg_class JOIN pg_catalog.pg_namespace ON pg_catalog.pg_namespace.oid = pg_catalog.pg_class.relnamespace 
WHERE pg_catalog.pg_class.relname = $1::VARCHAR AND pg_catalog.pg_class.relkind = ANY (ARRAY[$2::VARCHAR, $3::VARCHAR, $4::VARCHAR, $5::VARCHAR, $6::VARCHAR]) AND pg_catalog.pg_table_is_visible(pg_catalog.pg_class.oid) AND pg_catalog.pg_namespace.nspname != $7::VARCHAR
2026-05-02 19:21:53,028 - sqlalchemy.engine.Engine - INFO - [cached since 1s ago] ('user_subscriptions', 'r', 'p', 'f', 'v', 'm', 'pg_catalog')
2026-05-02 19:21:53,427 - sqlalchemy.engine.Engine - INFO - SELECT pg_catalog.pg_class.relname 
FROM pg_catalog.pg_class JOIN pg_catalog.pg_namespace ON pg_catalog.pg_namespace.oid = pg_catalog.pg_class.relnamespace 
WHERE pg_catalog.pg_class.relname = $1::VARCHAR AND pg_catalog.pg_class.relkind = ANY (ARRAY[$2::VARCHAR, $3::VARCHAR, $4::VARCHAR, $5::VARCHAR, $6::VARCHAR]) AND pg_catalog.pg_table_is_visible(pg_catalog.pg_class.oid) AND pg_catalog.pg_namespace.nspname != $7::VARCHAR
2026-05-02 19:21:53,428 - sqlalchemy.engine.Engine - INFO - [cached since 1.4s ago] ('workspaces', 'r', 'p', 'f', 'v', 'm', 'pg_catalog')
2026-05-02 19:21:53,828 - sqlalchemy.engine.Engine - INFO - SELECT pg_catalog.pg_class.relname 
FROM pg_catalog.pg_class JOIN pg_catalog.pg_namespace ON pg_catalog.pg_namespace.oid = pg_catalog.pg_class.relnamespace 
WHERE pg_catalog.pg_class.relname = $1::VARCHAR AND pg_catalog.pg_class.relkind = ANY (ARRAY[$2::VARCHAR, $3::VARCHAR, $4::VARCHAR, $5::VARCHAR, $6::VARCHAR]) AND pg_catalog.pg_table_is_visible(pg_catalog.pg_class.oid) AND pg_catalog.pg_namespace.nspname != $7::VARCHAR
2026-05-02 19:21:53,828 - sqlalchemy.engine.Engine - INFO - [cached since 1.8s ago] ('workspace_members', 'r', 'p', 'f', 'v', 'm', 'pg_catalog')
2026-05-02 19:21:54,228 - sqlalchemy.engine.Engine - INFO - SELECT pg_catalog.pg_class.relname 
FROM pg_catalog.pg_class JOIN pg_catalog.pg_namespace ON pg_catalog.pg_namespace.oid = pg_catalog.pg_class.relnamespace 
WHERE pg_catalog.pg_class.relname = $1::VARCHAR AND pg_catalog.pg_class.relkind = ANY (ARRAY[$2::VARCHAR, $3::VARCHAR, $4::VARCHAR, $5::VARCHAR, $6::VARCHAR]) AND pg_catalog.pg_table_is_visible(pg_catalog.pg_class.oid) AND pg_catalog.pg_namespace.nspname != $7::VARCHAR
2026-05-02 19:21:54,229 - sqlalchemy.engine.Engine - INFO - [cached since 2.201s ago] ('collections', 'r', 'p', 'f', 'v', 'm', 'pg_catalog')
2026-05-02 19:21:54,627 - sqlalchemy.engine.Engine - INFO - SELECT pg_catalog.pg_class.relname 
FROM pg_catalog.pg_class JOIN pg_catalog.pg_namespace ON pg_catalog.pg_namespace.oid = pg_catalog.pg_class.relnamespace 
WHERE pg_catalog.pg_class.relname = $1::VARCHAR AND pg_catalog.pg_class.relkind = ANY (ARRAY[$2::VARCHAR, $3::VARCHAR, $4::VARCHAR, $5::VARCHAR, $6::VARCHAR]) AND pg_catalog.pg_table_is_visible(pg_catalog.pg_class.oid) AND pg_catalog.pg_namespace.nspname != $7::VARCHAR
2026-05-02 19:21:54,629 - sqlalchemy.engine.Engine - INFO - [cached since 2.602s ago] ('documents', 'r', 'p', 'f', 'v', 'm', 'pg_catalog')
2026-05-02 19:21:55,030 - sqlalchemy.engine.Engine - INFO - SELECT pg_catalog.pg_class.relname 
FROM pg_catalog.pg_class JOIN pg_catalog.pg_namespace ON pg_catalog.pg_namespace.oid = pg_catalog.pg_class.relnamespace 
WHERE pg_catalog.pg_class.relname = $1::VARCHAR AND pg_catalog.pg_class.relkind = ANY (ARRAY[$2::VARCHAR, $3::VARCHAR, $4::VARCHAR, $5::VARCHAR, $6::VARCHAR]) AND pg_catalog.pg_table_is_visible(pg_catalog.pg_class.oid) AND pg_catalog.pg_namespace.nspname != $7::VARCHAR
2026-05-02 19:21:55,030 - sqlalchemy.engine.Engine - INFO - [cached since 3.002s ago] ('chat_sessions', 'r', 'p', 'f', 'v', 'm', 'pg_catalog')
2026-05-02 19:21:55,429 - sqlalchemy.engine.Engine - INFO - SELECT pg_catalog.pg_class.relname 
FROM pg_catalog.pg_class JOIN pg_catalog.pg_namespace ON pg_catalog.pg_namespace.oid = pg_catalog.pg_class.relnamespace 
WHERE pg_catalog.pg_class.relname = $1::VARCHAR AND pg_catalog.pg_class.relkind = ANY (ARRAY[$2::VARCHAR, $3::VARCHAR, $4::VARCHAR, $5::VARCHAR, $6::VARCHAR]) AND pg_catalog.pg_table_is_visible(pg_catalog.pg_class.oid) AND pg_catalog.pg_namespace.nspname != $7::VARCHAR
2026-05-02 19:21:55,430 - sqlalchemy.engine.Engine - INFO - [cached since 3.402s ago] ('chat_messages', 'r', 'p', 'f', 'v', 'm', 'pg_catalog')
2026-05-02 19:21:55,828 - sqlalchemy.engine.Engine - INFO - SELECT pg_catalog.pg_class.relname 
FROM pg_catalog.pg_class JOIN pg_catalog.pg_namespace ON pg_catalog.pg_namespace.oid = pg_catalog.pg_class.relnamespace 
WHERE pg_catalog.pg_class.relname = $1::VARCHAR AND pg_catalog.pg_class.relkind = ANY (ARRAY[$2::VARCHAR, $3::VARCHAR, $4::VARCHAR, $5::VARCHAR, $6::VARCHAR]) AND pg_catalog.pg_table_is_visible(pg_catalog.pg_class.oid) AND pg_catalog.pg_namespace.nspname != $7::VARCHAR
2026-05-02 19:21:55,829 - sqlalchemy.engine.Engine - INFO - [cached since 3.801s ago] ('source_highlights', 'r', 'p', 'f', 'v', 'm', 'pg_catalog')
2026-05-02 19:21:56,228 - sqlalchemy.engine.Engine - INFO - SELECT pg_catalog.pg_class.relname 
FROM pg_catalog.pg_class JOIN pg_catalog.pg_namespace ON pg_catalog.pg_namespace.oid = pg_catalog.pg_class.relnamespace 
WHERE pg_catalog.pg_class.relname = $1::VARCHAR AND pg_catalog.pg_class.relkind = ANY (ARRAY[$2::VARCHAR, $3::VARCHAR, $4::VARCHAR, $5::VARCHAR, $6::VARCHAR]) AND pg_catalog.pg_table_is_visible(pg_catalog.pg_class.oid) AND pg_catalog.pg_namespace.nspname != $7::VARCHAR
2026-05-02 19:21:56,229 - sqlalchemy.engine.Engine - INFO - [cached since 4.201s ago] ('annotations', 'r', 'p', 'f', 'v', 'm', 'pg_catalog')
2026-05-02 19:21:56,627 - sqlalchemy.engine.Engine - INFO - SELECT pg_catalog.pg_class.relname 
FROM pg_catalog.pg_class JOIN pg_catalog.pg_namespace ON pg_catalog.pg_namespace.oid = pg_catalog.pg_class.relnamespace 
WHERE pg_catalog.pg_class.relname = $1::VARCHAR AND pg_catalog.pg_class.relkind = ANY (ARRAY[$2::VARCHAR, $3::VARCHAR, $4::VARCHAR, $5::VARCHAR, $6::VARCHAR]) AND pg_catalog.pg_table_is_visible(pg_catalog.pg_class.oid) AND pg_catalog.pg_namespace.nspname != $7::VARCHAR
2026-05-02 19:21:56,627 - sqlalchemy.engine.Engine - INFO - [cached since 4.6s ago] ('citations', 'r', 'p', 'f', 'v', 'm', 'pg_catalog')
2026-05-02 19:21:57,026 - sqlalchemy.engine.Engine - INFO - COMMIT
